2012-07-24 10:11:53,735 DEBUG (Component.java:338) - processFocusEvent:JMenu: text=Menu ev:FocusEvent: source=[JMenu: text=Menu] id=FOCUS_GAINED temp=false opposite=[NULL]
2012-07-24 10:11:53,743 DEBUG (EventQueue.java:141) - Coalescing 2 SyncEvents on queue
2012-07-24 10:11:55,341 DEBUG (Component.java:338) - processFocusEvent:JMenu: text=Menu ev:FocusEvent: source=[JMenu: text=Menu] id=FOCUS_LOST temp=true opposite=[JMenuItem: text=Consulter les logs]
2012-07-24 10:11:55,344 DEBUG (Component.java:338) - processFocusEvent:JMenuItem: text=Consulter les logs ev:FocusEvent: source=[JMenuItem: text=Consulter les logs] id=FOCUS_GAINED temp=true opposite=[JMenu: text=Menu]
2012-07-24 10:11:55,345 DEBUG (EventQueue.java:141) - Coalescing 2 SyncEvents on queue
2012-07-24 10:11:55,812 DEBUG (Component.java:338) - processFocusEvent:JMenuItem: text=Consulter les logs ev:FocusEvent: source=[JMenuItem: text=Consulter les logs] id=FOCUS_LOST temp=false opposite=[JMenuItem: text=Changer de langue]
2012-07-24 10:11:55,813 DEBUG (Component.java:338) - processFocusEvent:JMenuItem: text=Changer de langue ev:FocusEvent: source=[JMenuItem: text=Changer de langue] id=FOCUS_GAINED temp=false opposite=[JMenuItem: text=Consulter les logs]
2012-07-24 10:11:55,814 DEBUG (EventQueue.java:143) - 1 SyncEvent
2012-07-24 10:11:56,014 DEBUG (Component.java:338) - processFocusEvent:JMenuItem: text=Changer de langue ev:FocusEvent: source=[JMenuItem: text=Changer de langue] id=FOCUS_LOST temp=false opposite=[JMenuItem: text=Quitter]
2012-07-24 10:11:56,014 DEBUG (Component.java:338) - processFocusEvent:JMenuItem: text=Quitter ev:FocusEvent: source=[JMenuItem: text=Quitter] id=FOCUS_GAINED temp=false opposite=[JMenuItem: text=Changer de langue]
2012-07-24 10:11:56,015 DEBUG (EventQueue.java:143) - 1 SyncEvent
2012-07-24 10:11:56,438 DEBUG (Component.java:338) - processFocusEvent:JMenuItem: text=Quitter ev:FocusEvent: source=[JMenuItem: text=Quitter] id=FOCUS_LOST temp=false opposite=[JMenuItem: text=Changer de langue]
2012-07-24 10:11:56,439 DEBUG (Component.java:338) - processFocusEvent:JMenuItem: text=Changer de langue ev:FocusEvent: source=[JMenuItem: text=Changer de langue] id=FOCUS_GAINED temp=false opposite=[JMenuItem: text=Quitter]
2012-07-24 10:11:56,439 DEBUG (EventQueue.java:143) - 1 SyncEvent
2012-07-24 10:11:56,597 DEBUG (Component.java:338) - processFocusEvent:JMenuItem: text=Changer de langue ev:FocusEvent: source=[JMenuItem: text=Changer de langue] id=FOCUS_LOST temp=false opposite=[JMenuItem: text=Consulter les logs]
2012-07-24 10:11:56,597 DEBUG (Component.java:338) - processFocusEvent:JMenuItem: text=Consulter les logs ev:FocusEvent: source=[JMenuItem: text=Consulter les logs] id=FOCUS_GAINED temp=false opposite=[JMenuItem: text=Changer de langue]
2012-07-24 10:11:56,598 DEBUG (EventQueue.java:143) - 1 SyncEvent
2012-07-24 10:11:57,248 DEBUG (EventQueue.java:143) - 1 SyncEvent
2012-07-24 10:11:58,489 DEBUG (EventQueue.java:143) - 1 SyncEvent
2012-07-24 10:11:58,804 DEBUG (Component.java:338) - processFocusEvent:JMenuItem: text=Consulter les logs ev:FocusEvent: source=[JMenuItem: text=Consulter les logs] id=FOCUS_LOST temp=false opposite=[JMenuItem: text=Changer de langue]
2012-07-24 10:11:58,804 DEBUG (Component.java:338) - processFocusEvent:JMenuItem: text=Changer de langue ev:FocusEvent: source=[JMenuItem: text=Changer de langue] id=FOCUS_GAINED temp=false opposite=[JMenuItem: text=Consulter les logs]
2012-07-24 10:11:58,807 DEBUG (EventQueue.java:143) - 1 SyncEvent
2012-07-24 10:11:59,032 DEBUG (Component.java:338) - processFocusEvent:JMenuItem: text=Changer de langue ev:FocusEvent: source=[JMenuItem: text=Changer de langue] id=FOCUS_LOST temp=false opposite=[JMenuItem: text=Quitter]
2012-07-24 10:11:59,032 DEBUG (Component.java:338) - processFocusEvent:JMenuItem: text=Quitter ev:FocusEvent: source=[JMenuItem: text=Quitter] id=FOCUS_GAINED temp=false opposite=[JMenuItem: text=Changer de langue]
2012-07-24 10:11:59,033 DEBUG (EventQueue.java:143) - 1 SyncEvent
2012-07-24 10:11:59,476 DEBUG (Component.java:338) - processFocusEvent:JMenuItem: text=Quitter ev:FocusEvent: source=[JMenuItem: text=Quitter] id=FOCUS_LOST temp=false opposite=[JMenuItem: text=Changer de langue]
2012-07-24 10:11:59,477 DEBUG (Component.java:338) - processFocusEvent:JMenuItem: text=Changer de langue ev:FocusEvent: source=[JMenuItem: text=Changer de langue] id=FOCUS_GAINED temp=false opposite=[JMenuItem: text=Quitter]
2012-07-24 10:11:59,478 DEBUG (EventQueue.java:143) - 1 SyncEvent
2012-07-24 10:11:59,772 DEBUG (Component.java:338) - processFocusEvent:JMenuItem: text=Changer de langue ev:FocusEvent: source=[JMenuItem: text=Changer de langue] id=FOCUS_LOST temp=false opposite=[JMenuItem: text=Quitter]
2012-07-24 10:11:59,772 DEBUG (Component.java:338) - processFocusEvent:JMenuItem: text=Quitter ev:FocusEvent: source=[JMenuItem: text=Quitter] id=FOCUS_GAINED temp=false opposite=[JMenuItem: text=Changer de langue]
2012-07-24 10:11:59,773 DEBUG (EventQueue.java:143) - 1 SyncEvent
2012-07-24 10:12:00,033 DEBUG (Component.java:338) - processFocusEvent:JMenuItem: text=Quitter ev:FocusEvent: source=[JMenuItem: text=Quitter] id=FOCUS_LOST temp=false opposite=[JMenuItem: text=Changer de langue]
2012-07-24 10:12:00,034 DEBUG (Component.java:338) - processFocusEvent:JMenuItem: text=Changer de langue ev:FocusEvent: source=[JMenuItem: text=Changer de langue] id=FOCUS_GAINED temp=false opposite=[JMenuItem: text=Quitter]
2012-07-24 10:12:00,035 DEBUG (EventQueue.java:143) - 1 SyncEvent
2012-07-24 10:12:00,375 DEBUG (EventQueue.java:143) - 1 SyncEvent
2012-07-24 10:12:21,317 DEBUG (EventQueue.java:143) - 1 SyncEvent
2012-07-24 10:12:21,679 DEBUG (Component.java:338) - processFocusEvent:JMenuItem: text=Changer de langue ev:FocusEvent: source=[JMenuItem: text=Changer de langue] id=FOCUS_LOST temp=false opposite=[JMenuItem: text=Quitter]
2012-07-24 10:12:21,679 DEBUG (Component.java:338) - processFocusEvent:JMenuItem: text=Quitter ev:FocusEvent: source=[JMenuItem: text=Quitter] id=FOCUS_GAINED temp=false opposite=[JMenuItem: text=Changer de langue]
2012-07-24 10:12:21,680 DEBUG (EventQueue.java:143) - 1 SyncEvent
2012-07-24 10:14:53,606 DEBUG (Component.java:338) - processFocusEvent:JMenu: text=Menu ev:FocusEvent: source=[JMenu: text=Menu] id=FOCUS_GAINED temp=false opposite=[NULL]
2012-07-24 10:14:53,616 DEBUG (EventQueue.java:141) - Coalescing 2 SyncEvents on queue
2012-07-24 10:14:57,770 DEBUG (Component.java:338) - processFocusEvent:JMenu: text=Menu ev:FocusEvent: source=[JMenu: text=Menu] id=FOCUS_LOST temp=true opposite=[JMenuItem: text=Consulter les logs]
2012-07-24 10:14:57,772 DEBUG (Component.java:338) - processFocusEvent:JMenuItem: text=Consulter les logs ev:FocusEvent: source=[JMenuItem: text=Consulter les logs] id=FOCUS_GAINED temp=true opposite=[JMenu: text=Menu]
2012-07-24 10:14:57,773 DEBUG (EventQueue.java:141) - Coalescing 2 SyncEvents on queue
2012-07-24 10:14:58,352 DEBUG (Component.java:338) - processFocusEvent:JMenuItem: text=Consulter les logs ev:FocusEvent: source=[JMenuItem: text=Consulter les logs] id=FOCUS_LOST temp=false opposite=[JMenuItem: text=Changer de langue]
2012-07-24 10:14:58,352 DEBUG (Component.java:338) - processFocusEvent:JMenuItem: text=Changer de langue ev:FocusEvent: source=[JMenuItem: text=Changer de langue] id=FOCUS_GAINED temp=false opposite=[JMenuItem: text=Consulter les logs]
2012-07-24 10:14:58,353 DEBUG (EventQueue.java:143) - 1 SyncEvent
2012-07-24 10:14:58,532 DEBUG (Component.java:338) - processFocusEvent:JMenuItem: text=Changer de langue ev:FocusEvent: source=[JMenuItem: text=Changer de langue] id=FOCUS_LOST temp=false opposite=[JMenuItem: text=Quitter]
2012-07-24 10:14:58,532 DEBUG (Component.java:338) - processFocusEvent:JMenuItem: text=Quitter ev:FocusEvent: source=[JMenuItem: text=Quitter] id=FOCUS_GAINED temp=false opposite=[JMenuItem: text=Changer de langue]
2012-07-24 10:14:58,533 DEBUG (EventQueue.java:143) - 1 SyncEvent
2013-05-30 10:10:29,277 DEBUG (Component.java:338) - processFocusEvent:JMenu: text=Menu ev:FocusEvent: source=[JMenu: text=Menu] id=FOCUS_GAINED temp=false opposite=[NULL]
2013-05-30 10:10:29,312 DEBUG (EventQueue.java:141) - Coalescing 2 SyncEvents on queue
2013-05-30 10:10:32,807 DEBUG (Component.java:338) - processFocusEvent:JMenu: text=Menu ev:FocusEvent: source=[JMenu: text=Menu] id=FOCUS_LOST temp=false opposite=[charvax.swing.JList@162fb33]
2013-05-30 10:10:32,809 DEBUG (Component.java:338) - processFocusEvent:charvax.swing.JList@162fb33 ev:FocusEvent: source=[charvax.swing.JList@162fb33] id=FOCUS_GAINED temp=false opposite=[JMenu: text=Menu]
2013-05-30 10:10:32,817 DEBUG (EventQueue.java:143) - 1 SyncEvent
2013-05-30 10:10:33,309 DEBUG (Component.java:338) - processFocusEvent:charvax.swing.JList@162fb33 ev:FocusEvent: source=[charvax.swing.JList@162fb33] id=FOCUS_LOST temp=false opposite=[JButton location=(2,18) label="Nouvel utilisateur" actionCommand="bouton1"]
2013-05-30 10:10:33,310 DEBUG (Component.java:338) - processFocusEvent:JButton location=(2,18) label="Nouvel utilisateur" actionCommand="bouton1" ev:FocusEvent: source=[JButton location=(2,18) label="Nouvel utilisateur" actionCommand="bouton1"] id=FOCUS_GAINED temp=false opposite=[charvax.swing.JList@162fb33]
2013-05-30 10:10:33,322 DEBUG (EventQueue.java:143) - 1 SyncEvent
2013-05-30 10:10:33,579 DEBUG (Component.java:338) - processFocusEvent:JButton location=(2,18) label="Nouvel utilisateur" actionCommand="bouton1" ev:FocusEvent: source=[JButton location=(2,18) label="Nouvel utilisateur" actionCommand="bouton1"] id=FOCUS_LOST temp=false opposite=[JButton location=(32,18) label="Modifier" actionCommand="bouton5"]
2013-05-30 10:10:33,580 DEBUG (Component.java:338) - processFocusEvent:JButton location=(32,18) label="Modifier" actionCommand="bouton5" ev:FocusEvent: source=[JButton location=(32,18) label="Modifier" actionCommand="bouton5"] id=FOCUS_GAINED temp=false opposite=[JButton location=(2,18) label="Nouvel utilisateur" actionCommand="bouton1"]
2013-05-30 10:10:33,590 DEBUG (EventQueue.java:143) - 1 SyncEvent
2013-05-30 10:10:33,860 DEBUG (Component.java:338) - processFocusEvent:JButton location=(32,18) label="Modifier" actionCommand="bouton5" ev:FocusEvent: source=[JButton location=(32,18) label="Modifier" actionCommand="bouton5"] id=FOCUS_LOST temp=false opposite=[JButton location=(47,18) label="Supprimer" actionCommand="bouton4"]
2013-05-30 10:10:33,861 DEBUG (Component.java:338) - processFocusEvent:JButton location=(47,18) label="Supprimer" actionCommand="bouton4" ev:FocusEvent: source=[JButton location=(47,18) label="Supprimer" actionCommand="bouton4"] id=FOCUS_GAINED temp=false opposite=[JButton location=(32,18) label="Modifier" actionCommand="bouton5"]
2013-05-30 10:10:33,869 DEBUG (EventQueue.java:143) - 1 SyncEvent
2013-05-30 10:10:34,148 DEBUG (Component.java:338) - processFocusEvent:JButton location=(47,18) label="Supprimer" actionCommand="bouton4" ev:FocusEvent: source=[JButton location=(47,18) label="Supprimer" actionCommand="bouton4"] id=FOCUS_LOST temp=false opposite=[JMenu: text=Menu]
2013-05-30 10:10:34,149 DEBUG (Component.java:338) - processFocusEvent:JMenu: text=Menu ev:FocusEvent: source=[JMenu: text=Menu] id=FOCUS_GAINED temp=false opposite=[JButton location=(47,18) label="Supprimer" actionCommand="bouton4"]
2013-05-30 10:10:34,155 DEBUG (EventQueue.java:143) - 1 SyncEvent
2013-05-30 10:10:34,367 DEBUG (Component.java:338) - processFocusEvent:JMenu: text=Menu ev:FocusEvent: source=[JMenu: text=Menu] id=FOCUS_LOST temp=false opposite=[charvax.swing.JList@162fb33]
2013-05-30 10:10:34,368 DEBUG (Component.java:338) - processFocusEvent:charvax.swing.JList@162fb33 ev:FocusEvent: source=[charvax.swing.JList@162fb33] id=FOCUS_GAINED temp=false opposite=[JMenu: text=Menu]
2013-05-30 10:10:34,372 DEBUG (EventQueue.java:143) - 1 SyncEvent
2013-05-30 10:10:34,992 DEBUG (Component.java:338) - processFocusEvent:charvax.swing.JList@162fb33 ev:FocusEvent: source=[charvax.swing.JList@162fb33] id=FOCUS_LOST temp=false opposite=[JButton location=(2,18) label="Nouvel utilisateur" actionCommand="bouton1"]
2013-05-30 10:10:34,993 DEBUG (Component.java:338) - processFocusEvent:JButton location=(2,18) label="Nouvel utilisateur" actionCommand="bouton1" ev:FocusEvent: source=[JButton location=(2,18) label="Nouvel utilisateur" actionCommand="bouton1"] id=FOCUS_GAINED temp=false opposite=[charvax.swing.JList@162fb33]
2013-05-30 10:10:35,003 DEBUG (EventQueue.java:143) - 1 SyncEvent
2013-05-30 10:10:35,176 DEBUG (Component.java:338) - processFocusEvent:JButton location=(2,18) label="Nouvel utilisateur" actionCommand="bouton1" ev:FocusEvent: source=[JButton location=(2,18) label="Nouvel utilisateur" actionCommand="bouton1"] id=FOCUS_LOST temp=false opposite=[JButton location=(32,18) label="Modifier" actionCommand="bouton5"]
2013-05-30 10:10:35,177 DEBUG (Component.java:338) - processFocusEvent:JButton location=(32,18) label="Modifier" actionCommand="bouton5" ev:FocusEvent: source=[JButton location=(32,18) label="Modifier" actionCommand="bouton5"] id=FOCUS_GAINED temp=false opposite=[JButton location=(2,18) label="Nouvel utilisateur" actionCommand="bouton1"]
2013-05-30 10:10:35,213 DEBUG (EventQueue.java:143) - 1 SyncEvent
2013-05-30 10:10:35,403 DEBUG (Component.java:338) - processFocusEvent:JButton location=(32,18) label="Modifier" actionCommand="bouton5" ev:FocusEvent: source=[JButton location=(32,18) label="Modifier" actionCommand="bouton5"] id=FOCUS_LOST temp=false opposite=[JButton location=(47,18) label="Supprimer" actionCommand="bouton4"]
2013-05-30 10:10:35,404 DEBUG (Component.java:338) - processFocusEvent:JButton location=(47,18) label="Supprimer" actionCommand="bouton4" ev:FocusEvent: source=[JButton location=(47,18) label="Supprimer" actionCommand="bouton4"] id=FOCUS_GAINED temp=false opposite=[JButton location=(32,18) label="Modifier" actionCommand="bouton5"]
2013-05-30 10:10:35,412 DEBUG (EventQueue.java:143) - 1 SyncEvent
2013-05-30 10:10:35,771 DEBUG (Component.java:338) - processFocusEvent:JButton location=(47,18) label="Supprimer" actionCommand="bouton4" ev:FocusEvent: source=[JButton location=(47,18) label="Supprimer" actionCommand="bouton4"] id=FOCUS_LOST temp=false opposite=[JMenu: text=Menu]
2013-05-30 10:10:35,773 DEBUG (Component.java:338) - processFocusEvent:JMenu: text=Menu ev:FocusEvent: source=[JMenu: text=Menu] id=FOCUS_GAINED temp=false opposite=[JButton location=(47,18) label="Supprimer" actionCommand="bouton4"]
2013-05-30 10:10:35,777 DEBUG (EventQueue.java:143) - 1 SyncEvent
2013-05-30 10:10:36,908 DEBUG (Component.java:338) - processFocusEvent:JMenu: text=Menu ev:FocusEvent: source=[JMenu: text=Menu] id=FOCUS_LOST temp=true opposite=[JMenuItem: text=Consulter les logs]
2013-05-30 10:10:36,910 DEBUG (Component.java:338) - processFocusEvent:JMenuItem: text=Consulter les logs ev:FocusEvent: source=[JMenuItem: text=Consulter les logs] id=FOCUS_GAINED temp=true opposite=[JMenu: text=Menu]
2013-05-30 10:10:36,911 DEBUG (EventQueue.java:141) - Coalescing 2 SyncEvents on queue
2013-05-30 10:10:37,532 DEBUG (Component.java:338) - processFocusEvent:JMenuItem: text=Consulter les logs ev:FocusEvent: source=[JMenuItem: text=Consulter les logs] id=FOCUS_LOST temp=false opposite=[JMenuItem: text=Changer de langue]
2013-05-30 10:10:37,533 DEBUG (Component.java:338) - processFocusEvent:JMenuItem: text=Changer de langue ev:FocusEvent: source=[JMenuItem: text=Changer de langue] id=FOCUS_GAINED temp=false opposite=[JMenuItem: text=Consulter les logs]
2013-05-30 10:10:37,535 DEBUG (EventQueue.java:143) - 1 SyncEvent
2013-05-30 10:10:38,820 DEBUG (Component.java:338) - processFocusEvent:JMenuItem: text=Changer de langue ev:FocusEvent: source=[JMenuItem: text=Changer de langue] id=FOCUS_LOST temp=true opposite=[charvax.swing.JList@1404e39]
2013-05-30 10:10:38,824 DEBUG (Component.java:338) - processFocusEvent:charvax.swing.JList@1404e39 ev:FocusEvent: source=[charvax.swing.JList@1404e39] id=FOCUS_GAINED temp=true opposite=[JMenuItem: text=Changer de langue]
2013-05-30 10:10:38,827 DEBUG (EventQueue.java:141) - Coalescing 2 SyncEvents on queue
2013-05-30 10:10:38,929 DEBUG (EventQueue.java:143) - 1 SyncEvent
2013-05-30 10:10:39,511 DEBUG (EventQueue.java:143) - 1 SyncEvent
2013-05-30 10:10:40,244 DEBUG (Component.java:338) - processFocusEvent:charvax.swing.JList@1404e39 ev:FocusEvent: source=[charvax.swing.JList@1404e39] id=FOCUS_LOST temp=false opposite=[JButton location=(10,10) label="Valider" actionCommand="bouton8"]
2013-05-30 10:10:40,245 DEBUG (Component.java:338) - processFocusEvent:JButton location=(10,10) label="Valider" actionCommand="bouton8" ev:FocusEvent: source=[JButton location=(10,10) label="Valider" actionCommand="bouton8"] id=FOCUS_GAINED temp=false opposite=[charvax.swing.JList@1404e39]
2013-05-30 10:10:40,247 DEBUG (EventQueue.java:141) - Coalescing 3 SyncEvents on queue
2013-05-30 10:10:41,865 DEBUG (Component.java:338) - processFocusEvent:JButton location=(10,10) label="Valider" actionCommand="bouton8" ev:FocusEvent: source=[JButton location=(10,10) label="Valider" actionCommand="bouton8"] id=FOCUS_LOST temp=false opposite=[charvax.swing.JList@1404e39]
2013-05-30 10:10:41,865 DEBUG (Component.java:338) - processFocusEvent:charvax.swing.JList@1404e39 ev:FocusEvent: source=[charvax.swing.JList@1404e39] id=FOCUS_GAINED temp=false opposite=[JButton location=(10,10) label="Valider" actionCommand="bouton8"]
2013-05-30 10:10:41,867 DEBUG (EventQueue.java:143) - 1 SyncEvent
2013-05-30 10:10:42,485 DEBUG (Component.java:338) - processFocusEvent:charvax.swing.JList@1404e39 ev:FocusEvent: source=[charvax.swing.JList@1404e39] id=FOCUS_LOST temp=false opposite=[JButton location=(10,10) label="Valider" actionCommand="bouton8"]
2013-05-30 10:10:42,486 DEBUG (Component.java:338) - processFocusEvent:JButton location=(10,10) label="Valider" actionCommand="bouton8" ev:FocusEvent: source=[JButton location=(10,10) label="Valider" actionCommand="bouton8"] id=FOCUS_GAINED temp=false opposite=[charvax.swing.JList@1404e39]
2013-05-30 10:10:42,487 DEBUG (EventQueue.java:143) - 1 SyncEvent
2013-05-30 10:10:42,937 DEBUG (EventQueue.java:143) - 1 SyncEvent
2013-05-30 10:10:44,413 DEBUG (Component.java:338) - processFocusEvent:JButton location=(10,10) label="Validate" actionCommand="bouton8" ev:FocusEvent: source=[JButton location=(10,10) label="Validate" actionCommand="bouton8"] id=FOCUS_LOST temp=true opposite=[charvax.swing.JList@162fb33]
2013-05-30 10:10:44,414 DEBUG (Component.java:338) - processFocusEvent:charvax.swing.JList@162fb33 ev:FocusEvent: source=[charvax.swing.JList@162fb33] id=FOCUS_GAINED temp=true opposite=[JButton location=(10,10) label="Validate" actionCommand="bouton8"]
2013-05-30 10:10:44,418 DEBUG (EventQueue.java:143) - 1 SyncEvent
2013-05-30 10:10:44,956 DEBUG (EventQueue.java:143) - 1 SyncEvent
2013-05-30 10:10:45,134 DEBUG (EventQueue.java:143) - 1 SyncEvent
2013-05-30 10:10:45,289 DEBUG (EventQueue.java:143) - 1 SyncEvent
2013-05-30 10:10:45,447 DEBUG (EventQueue.java:143) - 1 SyncEvent
2013-05-30 10:10:45,780 DEBUG (EventQueue.java:143) - 1 SyncEvent
2013-05-30 10:10:47,022 DEBUG (Component.java:338) - processFocusEvent:charvax.swing.JList@162fb33 ev:FocusEvent: source=[charvax.swing.JList@162fb33] id=FOCUS_LOST temp=false opposite=[JButton location=(2,18) label="New user" actionCommand="bouton1"]
2013-05-30 10:10:47,023 DEBUG (Component.java:338) - processFocusEvent:JButton location=(2,18) label="New user" actionCommand="bouton1" ev:FocusEvent: source=[JButton location=(2,18) label="New user" actionCommand="bouton1"] id=FOCUS_GAINED temp=false opposite=[charvax.swing.JList@162fb33]
2013-05-30 10:10:47,026 DEBUG (EventQueue.java:143) - 1 SyncEvent
2013-05-30 10:10:49,187 DEBUG (Component.java:338) - processFocusEvent:JButton location=(2,18) label="New user" actionCommand="bouton1" ev:FocusEvent: source=[JButton location=(2,18) label="New user" actionCommand="bouton1"] id=FOCUS_LOST temp=false opposite=[JButton location=(32,18) label="Modify" actionCommand="bouton5"]
2013-05-30 10:10:49,188 DEBUG (Component.java:338) - processFocusEvent:JButton location=(32,18) label="Modify" actionCommand="bouton5" ev:FocusEvent: source=[JButton location=(32,18) label="Modify" actionCommand="bouton5"] id=FOCUS_GAINED temp=false opposite=[JButton location=(2,18) label="New user" actionCommand="bouton1"]
2013-05-30 10:10:49,191 DEBUG (EventQueue.java:143) - 1 SyncEvent
2013-05-30 10:10:49,600 DEBUG (Component.java:338) - processFocusEvent:JButton location=(32,18) label="Modify" actionCommand="bouton5" ev:FocusEvent: source=[JButton location=(32,18) label="Modify" actionCommand="bouton5"] id=FOCUS_LOST temp=false opposite=[JButton location=(47,18) label="Delete" actionCommand="bouton4"]
2013-05-30 10:10:49,608 DEBUG (Component.java:338) - processFocusEvent:JButton location=(47,18) label="Delete" actionCommand="bouton4" ev:FocusEvent: source=[JButton location=(47,18) label="Delete" actionCommand="bouton4"] id=FOCUS_GAINED temp=false opposite=[JButton location=(32,18) label="Modify" actionCommand="bouton5"]
2013-05-30 10:10:49,616 DEBUG (EventQueue.java:143) - 1 SyncEvent
2013-05-30 10:10:50,412 DEBUG (Component.java:338) - processFocusEvent:JButton location=(47,18) label="Delete" actionCommand="bouton4" ev:FocusEvent: source=[JButton location=(47,18) label="Delete" actionCommand="bouton4"] id=FOCUS_LOST temp=false opposite=[JMenu: text=Menu]
2013-05-30 10:10:50,413 DEBUG (Component.java:338) - processFocusEvent:JMenu: text=Menu ev:FocusEvent: source=[JMenu: text=Menu] id=FOCUS_GAINED temp=false opposite=[JButton location=(47,18) label="Delete" actionCommand="bouton4"]
2013-05-30 10:10:50,419 DEBUG (EventQueue.java:143) - 1 SyncEvent
2013-05-30 10:10:50,777 DEBUG (Component.java:338) - processFocusEvent:JMenu: text=Menu ev:FocusEvent: source=[JMenu: text=Menu] id=FOCUS_LOST temp=false opposite=[charvax.swing.JList@162fb33]
2013-05-30 10:10:50,778 DEBUG (Component.java:338) - processFocusEvent:charvax.swing.JList@162fb33 ev:FocusEvent: source=[charvax.swing.JList@162fb33] id=FOCUS_GAINED temp=false opposite=[JMenu: text=Menu]
2013-05-30 10:10:50,781 DEBUG (EventQueue.java:143) - 1 SyncEvent
2013-05-30 10:10:50,972 DEBUG (Component.java:338) - processFocusEvent:charvax.swing.JList@162fb33 ev:FocusEvent: source=[charvax.swing.JList@162fb33] id=FOCUS_LOST temp=false opposite=[JButton location=(2,18) label="New user" actionCommand="bouton1"]
2013-05-30 10:10:50,973 DEBUG (Component.java:338) - processFocusEvent:JButton location=(2,18) label="New user" actionCommand="bouton1" ev:FocusEvent: source=[JButton location=(2,18) label="New user" actionCommand="bouton1"] id=FOCUS_GAINED temp=false opposite=[charvax.swing.JList@162fb33]
2013-05-30 10:10:50,982 DEBUG (EventQueue.java:143) - 1 SyncEvent
2013-05-30 10:10:51,183 DEBUG (Component.java:338) - processFocusEvent:JButton location=(2,18) label="New user" actionCommand="bouton1" ev:FocusEvent: source=[JButton location=(2,18) label="New user" actionCommand="bouton1"] id=FOCUS_LOST temp=false opposite=[JButton location=(32,18) label="Modify" actionCommand="bouton5"]
2013-05-30 10:10:51,183 DEBUG (Component.java:338) - processFocusEvent:JButton location=(32,18) label="Modify" actionCommand="bouton5" ev:FocusEvent: source=[JButton location=(32,18) label="Modify" actionCommand="bouton5"] id=FOCUS_GAINED temp=false opposite=[JButton location=(2,18) label="New user" actionCommand="bouton1"]
2013-05-30 10:10:51,188 DEBUG (EventQueue.java:143) - 1 SyncEvent
2013-05-30 10:10:51,568 DEBUG (Component.java:338) - processFocusEvent:JButton location=(32,18) label="Modify" actionCommand="bouton5" ev:FocusEvent: source=[JButton location=(32,18) label="Modify" actionCommand="bouton5"] id=FOCUS_LOST temp=false opposite=[JButton location=(47,18) label="Delete" actionCommand="bouton4"]
2013-05-30 10:10:51,569 DEBUG (Component.java:338) - processFocusEvent:JButton location=(47,18) label="Delete" actionCommand="bouton4" ev:FocusEvent: source=[JButton location=(47,18) label="Delete" actionCommand="bouton4"] id=FOCUS_GAINED temp=false opposite=[JButton location=(32,18) label="Modify" actionCommand="bouton5"]
2013-05-30 10:10:51,572 DEBUG (EventQueue.java:143) - 1 SyncEvent
2013-05-30 10:10:52,698 DEBUG (Component.java:338) - processFocusEvent:JButton location=(47,18) label="Delete" actionCommand="bouton4" ev:FocusEvent: source=[JButton location=(47,18) label="Delete" actionCommand="bouton4"] id=FOCUS_LOST temp=false opposite=[JMenu: text=Menu]
2013-05-30 10:10:52,699 DEBUG (Component.java:338) - processFocusEvent:JMenu: text=Menu ev:FocusEvent: source=[JMenu: text=Menu] id=FOCUS_GAINED temp=false opposite=[JButton location=(47,18) label="Delete" actionCommand="bouton4"]
2013-05-30 10:10:52,703 DEBUG (EventQueue.java:143) - 1 SyncEvent
2013-05-30 10:10:53,027 DEBUG (Component.java:338) - processFocusEvent:JMenu: text=Menu ev:FocusEvent: source=[JMenu: text=Menu] id=FOCUS_LOST temp=false opposite=[charvax.swing.JList@162fb33]
2013-05-30 10:10:53,028 DEBUG (Component.java:338) - processFocusEvent:charvax.swing.JList@162fb33 ev:FocusEvent: source=[charvax.swing.JList@162fb33] id=FOCUS_GAINED temp=false opposite=[JMenu: text=Menu]
2013-05-30 10:10:53,034 DEBUG (EventQueue.java:143) - 1 SyncEvent
2013-05-30 10:10:53,382 DEBUG (Component.java:338) - processFocusEvent:charvax.swing.JList@162fb33 ev:FocusEvent: source=[charvax.swing.JList@162fb33] id=FOCUS_LOST temp=false opposite=[JButton location=(2,18) label="New user" actionCommand="bouton1"]
2013-05-30 10:10:53,383 DEBUG (Component.java:338) - processFocusEvent:JButton location=(2,18) label="New user" actionCommand="bouton1" ev:FocusEvent: source=[JButton location=(2,18) label="New user" actionCommand="bouton1"] id=FOCUS_GAINED temp=false opposite=[charvax.swing.JList@162fb33]
2013-05-30 10:10:53,386 DEBUG (EventQueue.java:143) - 1 SyncEvent
2013-05-30 10:10:54,409 DEBUG (Component.java:338) - processFocusEvent:JButton location=(2,18) label="New user" actionCommand="bouton1" ev:FocusEvent: source=[JButton location=(2,18) label="New user" actionCommand="bouton1"] id=FOCUS_LOST temp=false opposite=[JButton location=(32,18) label="Modify" actionCommand="bouton5"]
2013-05-30 10:10:54,410 DEBUG (Component.java:338) - processFocusEvent:JButton location=(32,18) label="Modify" actionCommand="bouton5" ev:FocusEvent: source=[JButton location=(32,18) label="Modify" actionCommand="bouton5"] id=FOCUS_GAINED temp=false opposite=[JButton location=(2,18) label="New user" actionCommand="bouton1"]
2013-05-30 10:10:54,415 DEBUG (EventQueue.java:143) - 1 SyncEvent
2013-05-30 10:10:55,367 DEBUG (Component.java:338) - processFocusEvent:JButton location=(32,18) label="Modify" actionCommand="bouton5" ev:FocusEvent: source=[JButton location=(32,18) label="Modify" actionCommand="bouton5"] id=FOCUS_LOST temp=false opposite=[JButton location=(47,18) label="Delete" actionCommand="bouton4"]
2013-05-30 10:10:55,367 DEBUG (Component.java:338) - processFocusEvent:JButton location=(47,18) label="Delete" actionCommand="bouton4" ev:FocusEvent: source=[JButton location=(47,18) label="Delete" actionCommand="bouton4"] id=FOCUS_GAINED temp=false opposite=[JButton location=(32,18) label="Modify" actionCommand="bouton5"]
2013-05-30 10:10:55,371 DEBUG (EventQueue.java:143) - 1 SyncEvent
2013-05-30 10:10:55,664 DEBUG (Component.java:338) - processFocusEvent:JButton location=(47,18) label="Delete" actionCommand="bouton4" ev:FocusEvent: source=[JButton location=(47,18) label="Delete" actionCommand="bouton4"] id=FOCUS_LOST temp=false opposite=[JMenu: text=Menu]
2013-05-30 10:10:55,664 DEBUG (Component.java:338) - processFocusEvent:JMenu: text=Menu ev:FocusEvent: source=[JMenu: text=Menu] id=FOCUS_GAINED temp=false opposite=[JButton location=(47,18) label="Delete" actionCommand="bouton4"]
2013-05-30 10:10:55,669 DEBUG (EventQueue.java:143) - 1 SyncEvent
2013-05-30 10:10:56,290 DEBUG (EventQueue.java:143) - 1 SyncEvent
2013-05-30 10:10:57,086 DEBUG (Component.java:338) - processFocusEvent:JMenu: text=Menu ev:FocusEvent: source=[JMenu: text=Menu] id=FOCUS_LOST temp=true opposite=[JMenuItem: text=Change language]
2013-05-30 10:10:57,087 DEBUG (Component.java:338) - processFocusEvent:JMenuItem: text=Change language ev:FocusEvent: source=[JMenuItem: text=Change language] id=FOCUS_GAINED temp=true opposite=[JMenu: text=Menu]
2013-05-30 10:10:57,088 DEBUG (EventQueue.java:143) - 1 SyncEvent
2013-05-30 10:10:57,430 DEBUG (Component.java:338) - processFocusEvent:JMenuItem: text=Change language ev:FocusEvent: source=[JMenuItem: text=Change language] id=FOCUS_LOST temp=false opposite=[JMenuItem: text=Consult the logs]
2013-05-30 10:10:57,430 DEBUG (Component.java:338) - processFocusEvent:JMenuItem: text=Consult the logs ev:FocusEvent: source=[JMenuItem: text=Consult the logs] id=FOCUS_GAINED temp=false opposite=[JMenuItem: text=Change language]
2013-05-30 10:10:57,431 DEBUG (EventQueue.java:143) - 1 SyncEvent
2013-05-30 10:10:57,744 DEBUG (EventQueue.java:143) - 1 SyncEvent
2013-05-30 10:10:58,936 DEBUG (Component.java:338) - processFocusEvent:JMenuItem: text=Consult the logs ev:FocusEvent: source=[JMenuItem: text=Consult the logs] id=FOCUS_LOST temp=true opposite=[charvax.swing.JList@162fb33]
2013-05-30 10:10:58,937 DEBUG (Component.java:338) - processFocusEvent:charvax.swing.JList@162fb33 ev:FocusEvent: source=[charvax.swing.JList@162fb33] id=FOCUS_GAINED temp=true opposite=[JMenuItem: text=Consult the logs]
2013-05-30 10:10:58,941 DEBUG (EventQueue.java:143) - 1 SyncEvent
2013-05-30 10:10:59,612 DEBUG (Component.java:338) - processFocusEvent:charvax.swing.JList@162fb33 ev:FocusEvent: source=[charvax.swing.JList@162fb33] id=FOCUS_LOST temp=false opposite=[JButton location=(2,18) label="New user" actionCommand="bouton1"]
2013-05-30 10:10:59,613 DEBUG (Component.java:338) - processFocusEvent:JButton location=(2,18) label="New user" actionCommand="bouton1" ev:FocusEvent: source=[JButton location=(2,18) label="New user" actionCommand="bouton1"] id=FOCUS_GAINED temp=false opposite=[charvax.swing.JList@162fb33]
2013-05-30 10:10:59,616 DEBUG (EventQueue.java:143) - 1 SyncEvent
2013-05-30 10:10:59,790 DEBUG (Component.java:338) - processFocusEvent:JButton location=(2,18) label="New user" actionCommand="bouton1" ev:FocusEvent: source=[JButton location=(2,18) label="New user" actionCommand="bouton1"] id=FOCUS_LOST temp=false opposite=[JButton location=(32,18) label="Modify" actionCommand="bouton5"]
2013-05-30 10:10:59,791 DEBUG (Component.java:338) - processFocusEvent:JButton location=(32,18) label="Modify" actionCommand="bouton5" ev:FocusEvent: source=[JButton location=(32,18) label="Modify" actionCommand="bouton5"] id=FOCUS_GAINED temp=false opposite=[JButton location=(2,18) label="New user" actionCommand="bouton1"]
2013-05-30 10:10:59,794 DEBUG (EventQueue.java:143) - 1 SyncEvent
2013-05-30 10:11:00,192 DEBUG (Component.java:338) - processFocusEvent:JButton location=(32,18) label="Modify" actionCommand="bouton5" ev:FocusEvent: source=[JButton location=(32,18) label="Modify" actionCommand="bouton5"] id=FOCUS_LOST temp=false opposite=[JButton location=(47,18) label="Delete" actionCommand="bouton4"]
2013-05-30 10:11:00,193 DEBUG (Component.java:338) - processFocusEvent:JButton location=(47,18) label="Delete" actionCommand="bouton4" ev:FocusEvent: source=[JButton location=(47,18) label="Delete" actionCommand="bouton4"] id=FOCUS_GAINED temp=false opposite=[JButton location=(32,18) label="Modify" actionCommand="bouton5"]
2013-05-30 10:11:00,196 DEBUG (EventQueue.java:143) - 1 SyncEvent
2013-05-30 10:11:00,488 DEBUG (Component.java:338) - processFocusEvent:JButton location=(47,18) label="Delete" actionCommand="bouton4" ev:FocusEvent: source=[JButton location=(47,18) label="Delete" actionCommand="bouton4"] id=FOCUS_LOST temp=false opposite=[JMenu: text=Menu]
2013-05-30 10:11:00,489 DEBUG (Component.java:338) - processFocusEvent:JMenu: text=Menu ev:FocusEvent: source=[JMenu: text=Menu] id=FOCUS_GAINED temp=false opposite=[JButton location=(47,18) label="Delete" actionCommand="bouton4"]
2013-05-30 10:11:00,492 DEBUG (EventQueue.java:143) - 1 SyncEvent
2013-05-30 10:11:00,930 DEBUG (EventQueue.java:143) - 1 SyncEvent
2013-05-30 10:11:01,524 DEBUG (Component.java:338) - processFocusEvent:JMenu: text=Menu ev:FocusEvent: source=[JMenu: text=Menu] id=FOCUS_LOST temp=true opposite=[JMenuItem: text=Quit]
2013-05-30 10:11:01,525 DEBUG (Component.java:338) - processFocusEvent:JMenuItem: text=Quit ev:FocusEvent: source=[JMenuItem: text=Quit] id=FOCUS_GAINED temp=true opposite=[JMenu: text=Menu]
2013-05-30 10:11:01,529 DEBUG (EventQueue.java:143) - 1 SyncEvent
2013-05-30 10:11:02,481 DEBUG (Component.java:338) - processFocusEvent:JMenuItem: text=Quit ev:FocusEvent: source=[JMenuItem: text=Quit] id=FOCUS_LOST temp=false opposite=[JMenuItem: text=Consult the logs]
2013-05-30 10:11:02,481 DEBUG (Component.java:338) - processFocusEvent:JMenuItem: text=Consult the logs ev:FocusEvent: source=[JMenuItem: text=Consult the logs] id=FOCUS_GAINED temp=false opposite=[JMenuItem: text=Quit]
2013-05-30 10:11:02,483 DEBUG (EventQueue.java:143) - 1 SyncEvent
2013-05-30 10:11:04,578 DEBUG (Component.java:338) - processFocusEvent:JMenuItem: text=Consult the logs ev:FocusEvent: source=[JMenuItem: text=Consult the logs] id=FOCUS_LOST temp=false opposite=[JMenuItem: text=Change language]
2013-05-30 10:11:04,596 DEBUG (Component.java:338) - processFocusEvent:JMenuItem: text=Change language ev:FocusEvent: source=[JMenuItem: text=Change language] id=FOCUS_GAINED temp=false opposite=[JMenuItem: text=Consult the logs]
2013-05-30 10:11:04,597 DEBUG (EventQueue.java:143) - 1 SyncEvent
2013-05-30 10:11:04,767 DEBUG (Component.java:338) - processFocusEvent:JMenuItem: text=Change language ev:FocusEvent: source=[JMenuItem: text=Change language] id=FOCUS_LOST temp=false opposite=[JMenuItem: text=Quit]
2013-05-30 10:11:04,768 DEBUG (Component.java:338) - processFocusEvent:JMenuItem: text=Quit ev:FocusEvent: source=[JMenuItem: text=Quit] id=FOCUS_GAINED temp=false opposite=[JMenuItem: text=Change language]
2013-05-30 10:11:04,770 DEBUG (EventQueue.java:143) - 1 SyncEvent
2013-05-30 10:11:05,312 DEBUG (Component.java:338) - processFocusEvent:JMenuItem: text=Quit ev:FocusEvent: source=[JMenuItem: text=Quit] id=FOCUS_LOST temp=false opposite=[JMenuItem: text=Change language]
2013-05-30 10:11:05,314 DEBUG (Component.java:338) - processFocusEvent:JMenuItem: text=Change language ev:FocusEvent: source=[JMenuItem: text=Change language] id=FOCUS_GAINED temp=false opposite=[JMenuItem: text=Quit]
2013-05-30 10:11:05,316 DEBUG (EventQueue.java:143) - 1 SyncEvent
2013-05-30 10:11:05,685 DEBUG (Component.java:338) - processFocusEvent:JMenuItem: text=Change language ev:FocusEvent: source=[JMenuItem: text=Change language] id=FOCUS_LOST temp=true opposite=[charvax.swing.JList@1f70bc1]
2013-05-30 10:11:05,687 DEBUG (Component.java:338) - processFocusEvent:charvax.swing.JList@1f70bc1 ev:FocusEvent: source=[charvax.swing.JList@1f70bc1] id=FOCUS_GAINED temp=true opposite=[JMenuItem: text=Change language]
2013-05-30 10:11:05,688 DEBUG (EventQueue.java:141) - Coalescing 2 SyncEvents on queue
2013-05-30 10:11:05,790 DEBUG (EventQueue.java:143) - 1 SyncEvent
2013-05-30 10:11:06,548 DEBUG (Component.java:338) - processFocusEvent:charvax.swing.JList@1f70bc1 ev:FocusEvent: source=[charvax.swing.JList@1f70bc1] id=FOCUS_LOST temp=false opposite=[JButton location=(10,10) label="Validate" actionCommand="bouton8"]
2013-05-30 10:11:06,548 DEBUG (Component.java:338) - processFocusEvent:JButton location=(10,10) label="Validate" actionCommand="bouton8" ev:FocusEvent: source=[JButton location=(10,10) label="Validate" actionCommand="bouton8"] id=FOCUS_GAINED temp=false opposite=[charvax.swing.JList@1f70bc1]
2013-05-30 10:11:06,550 DEBUG (EventQueue.java:141) - Coalescing 3 SyncEvents on queue
2013-05-30 10:11:07,446 DEBUG (Component.java:338) - processFocusEvent:JButton location=(10,10) label="Validate" actionCommand="bouton8" ev:FocusEvent: source=[JButton location=(10,10) label="Validate" actionCommand="bouton8"] id=FOCUS_LOST temp=false opposite=[charvax.swing.JList@1f70bc1]
2013-05-30 10:11:07,447 DEBUG (Component.java:338) - processFocusEvent:charvax.swing.JList@1f70bc1 ev:FocusEvent: source=[charvax.swing.JList@1f70bc1] id=FOCUS_GAINED temp=false opposite=[JButton location=(10,10) label="Validate" actionCommand="bouton8"]
2013-05-30 10:11:07,448 DEBUG (EventQueue.java:143) - 1 SyncEvent
2013-05-30 10:11:07,907 DEBUG (Component.java:338) - processFocusEvent:charvax.swing.JList@1f70bc1 ev:FocusEvent: source=[charvax.swing.JList@1f70bc1] id=FOCUS_LOST temp=false opposite=[JButton location=(10,10) label="Validate" actionCommand="bouton8"]
2013-05-30 10:11:07,908 DEBUG (Component.java:338) - processFocusEvent:JButton location=(10,10) label="Validate" actionCommand="bouton8" ev:FocusEvent: source=[JButton location=(10,10) label="Validate" actionCommand="bouton8"] id=FOCUS_GAINED temp=false opposite=[charvax.swing.JList@1f70bc1]
2013-05-30 10:11:07,909 DEBUG (EventQueue.java:143) - 1 SyncEvent
2013-05-30 10:11:08,474 DEBUG (EventQueue.java:143) - 1 SyncEvent
2013-05-30 10:11:11,718 DEBUG (Component.java:338) - processFocusEvent:JButton location=(10,10) label="Valider" actionCommand="bouton8" ev:FocusEvent: source=[JButton location=(10,10) label="Valider" actionCommand="bouton8"] id=FOCUS_LOST temp=true opposite=[charvax.swing.JList@162fb33]
2013-05-30 10:11:11,719 DEBUG (Component.java:338) - processFocusEvent:charvax.swing.JList@162fb33 ev:FocusEvent: source=[charvax.swing.JList@162fb33] id=FOCUS_GAINED temp=true opposite=[JButton location=(10,10) label="Valider" actionCommand="bouton8"]
2013-05-30 10:11:11,723 DEBUG (EventQueue.java:143) - 1 SyncEvent
2013-05-30 10:11:13,275 DEBUG (EventQueue.java:143) - 1 SyncEvent
2013-05-30 10:11:13,498 DEBUG (EventQueue.java:143) - 1 SyncEvent
2013-05-30 10:11:13,675 DEBUG (EventQueue.java:143) - 1 SyncEvent
2013-05-30 10:11:13,851 DEBUG (EventQueue.java:143) - 1 SyncEvent
2013-05-30 10:11:14,036 DEBUG (EventQueue.java:143) - 1 SyncEvent
2013-05-30 10:11:14,370 DEBUG (EventQueue.java:143) - 1 SyncEvent
2013-05-30 10:11:15,183 DEBUG (EventQueue.java:143) - 1 SyncEvent
2013-05-30 10:11:15,385 DEBUG (EventQueue.java:143) - 1 SyncEvent
2013-05-30 10:11:15,556 DEBUG (EventQueue.java:143) - 1 SyncEvent
2013-05-30 10:11:15,715 DEBUG (EventQueue.java:143) - 1 SyncEvent
2013-05-30 10:11:15,918 DEBUG (EventQueue.java:143) - 1 SyncEvent
2013-05-30 10:11:16,578 DEBUG (EventQueue.java:143) - 1 SyncEvent
2013-05-30 10:11:16,619 DEBUG (EventQueue.java:143) - 1 SyncEvent
2013-05-30 10:11:16,659 DEBUG (EventQueue.java:143) - 1 SyncEvent
2013-05-30 10:11:17,816 DEBUG (EventQueue.java:143) - 1 SyncEvent
2013-05-30 10:11:18,476 DEBUG (EventQueue.java:143) - 1 SyncEvent
2013-05-30 10:11:18,516 DEBUG (EventQueue.java:143) - 1 SyncEvent
2013-05-30 10:11:18,556 DEBUG (EventQueue.java:143) - 1 SyncEvent
2013-05-30 10:11:18,596 DEBUG (EventQueue.java:143) - 1 SyncEvent
2013-05-30 10:11:18,636 DEBUG (EventQueue.java:143) - 1 SyncEvent
2013-05-30 10:11:18,676 DEBUG (EventQueue.java:143) - 1 SyncEvent
2013-05-30 10:11:18,717 DEBUG (EventQueue.java:143) - 1 SyncEvent
2013-05-30 10:11:18,756 DEBUG (EventQueue.java:143) - 1 SyncEvent
2013-05-30 10:11:18,796 DEBUG (EventQueue.java:143) - 1 SyncEvent
2013-05-30 10:11:18,836 DEBUG (EventQueue.java:143) - 1 SyncEvent
2013-05-30 10:11:18,876 DEBUG (EventQueue.java:143) - 1 SyncEvent
2013-05-30 10:11:18,916 DEBUG (EventQueue.java:143) - 1 SyncEvent
2013-05-30 10:11:18,956 DEBUG (EventQueue.java:143) - 1 SyncEvent
2013-05-30 10:11:18,996 DEBUG (EventQueue.java:143) - 1 SyncEvent
2013-05-30 10:11:19,036 DEBUG (EventQueue.java:143) - 1 SyncEvent
2013-05-30 10:11:19,076 DEBUG (EventQueue.java:143) - 1 SyncEvent
2013-05-30 10:11:19,976 DEBUG (EventQueue.java:143) - 1 SyncEvent
2013-05-30 10:11:20,700 DEBUG (EventQueue.java:143) - 1 SyncEvent
2013-05-30 10:11:21,149 DEBUG (EventQueue.java:143) - 1 SyncEvent
2013-05-30 10:11:21,675 DEBUG (EventQueue.java:143) - 1 SyncEvent
2013-05-30 10:11:21,964 DEBUG (EventQueue.java:143) - 1 SyncEvent
2013-05-30 10:11:22,245 DEBUG (EventQueue.java:143) - 1 SyncEvent
2013-05-30 10:11:22,649 DEBUG (EventQueue.java:143) - 1 SyncEvent
2013-05-30 10:11:22,984 DEBUG (EventQueue.java:143) - 1 SyncEvent
2013-05-30 10:11:23,272 DEBUG (EventQueue.java:143) - 1 SyncEvent
2013-05-30 10:11:23,553 DEBUG (EventQueue.java:143) - 1 SyncEvent
2013-05-30 10:11:24,024 DEBUG (EventQueue.java:143) - 1 SyncEvent
2013-05-30 10:11:24,400 DEBUG (EventQueue.java:143) - 1 SyncEvent
2013-05-30 10:11:24,836 DEBUG (EventQueue.java:143) - 1 SyncEvent
2013-05-30 10:11:25,092 DEBUG (EventQueue.java:143) - 1 SyncEvent
2013-05-30 10:11:25,261 DEBUG (EventQueue.java:143) - 1 SyncEvent
2013-05-30 10:11:25,417 DEBUG (EventQueue.java:143) - 1 SyncEvent
2013-05-30 10:11:25,580 DEBUG (EventQueue.java:143) - 1 SyncEvent
2013-05-30 10:11:26,497 DEBUG (EventQueue.java:143) - 1 SyncEvent
2013-05-30 10:11:26,666 DEBUG (EventQueue.java:143) - 1 SyncEvent
2013-05-30 10:11:27,326 DEBUG (EventQueue.java:143) - 1 SyncEvent
2013-05-30 10:11:27,366 DEBUG (EventQueue.java:143) - 1 SyncEvent
2013-05-30 10:11:27,406 DEBUG (EventQueue.java:143) - 1 SyncEvent
2013-05-30 10:11:27,446 DEBUG (EventQueue.java:143) - 1 SyncEvent
2013-05-30 10:11:27,486 DEBUG (EventQueue.java:143) - 1 SyncEvent
2013-05-30 10:11:27,526 DEBUG (EventQueue.java:143) - 1 SyncEvent
2013-05-30 10:11:27,566 DEBUG (EventQueue.java:143) - 1 SyncEvent
2013-05-30 10:11:27,606 DEBUG (EventQueue.java:143) - 1 SyncEvent
2013-05-30 10:11:27,646 DEBUG (EventQueue.java:143) - 1 SyncEvent
2013-05-30 10:11:27,686 DEBUG (EventQueue.java:143) - 1 SyncEvent
2013-05-30 10:11:27,726 DEBUG (EventQueue.java:143) - 1 SyncEvent
2013-05-30 10:11:27,766 DEBUG (EventQueue.java:143) - 1 SyncEvent
2013-05-30 10:11:27,806 DEBUG (EventQueue.java:143) - 1 SyncEvent
2013-05-30 10:11:27,846 DEBUG (EventQueue.java:143) - 1 SyncEvent
2013-05-30 10:11:27,887 DEBUG (EventQueue.java:143) - 1 SyncEvent
2013-05-30 10:11:28,632 DEBUG (EventQueue.java:143) - 1 SyncEvent
2013-05-30 10:11:29,293 DEBUG (EventQueue.java:143) - 1 SyncEvent
2013-05-30 10:11:29,333 DEBUG (EventQueue.java:143) - 1 SyncEvent
2013-05-30 10:11:29,373 DEBUG (EventQueue.java:143) - 1 SyncEvent
2013-05-30 10:11:29,413 DEBUG (EventQueue.java:143) - 1 SyncEvent
2013-05-30 10:11:29,454 DEBUG (EventQueue.java:143) - 1 SyncEvent
2013-05-30 10:11:29,494 DEBUG (EventQueue.java:143) - 1 SyncEvent
2013-05-30 10:11:29,536 DEBUG (EventQueue.java:143) - 1 SyncEvent
2013-05-30 10:11:29,575 DEBUG (EventQueue.java:143) - 1 SyncEvent
2013-05-30 10:11:29,616 DEBUG (EventQueue.java:143) - 1 SyncEvent
2013-05-30 10:11:29,656 DEBUG (EventQueue.java:143) - 1 SyncEvent
2013-05-30 10:11:29,695 DEBUG (EventQueue.java:143) - 1 SyncEvent
2013-05-30 10:11:29,736 DEBUG (EventQueue.java:143) - 1 SyncEvent
2013-05-30 10:11:29,776 DEBUG (EventQueue.java:143) - 1 SyncEvent
2013-05-30 10:11:29,816 DEBUG (EventQueue.java:143) - 1 SyncEvent
2013-05-30 10:11:29,856 DEBUG (EventQueue.java:143) - 1 SyncEvent
2013-05-30 10:11:29,897 DEBUG (EventQueue.java:143) - 1 SyncEvent
2013-05-30 10:11:32,898 DEBUG (Component.java:338) - processFocusEvent:charvax.swing.JList@162fb33 ev:FocusEvent: source=[charvax.swing.JList@162fb33] id=FOCUS_LOST temp=false opposite=[JButton location=(2,18) label="Nouvel utilisateur" actionCommand="bouton1"]
2013-05-30 10:11:32,899 DEBUG (Component.java:338) - processFocusEvent:JButton location=(2,18) label="Nouvel utilisateur" actionCommand="bouton1" ev:FocusEvent: source=[JButton location=(2,18) label="Nouvel utilisateur" actionCommand="bouton1"] id=FOCUS_GAINED temp=false opposite=[charvax.swing.JList@162fb33]
2013-05-30 10:11:32,902 DEBUG (EventQueue.java:143) - 1 SyncEvent
2013-05-30 10:11:33,285 DEBUG (Component.java:338) - processFocusEvent:JButton location=(2,18) label="Nouvel utilisateur" actionCommand="bouton1" ev:FocusEvent: source=[JButton location=(2,18) label="Nouvel utilisateur" actionCommand="bouton1"] id=FOCUS_LOST temp=false opposite=[JButton location=(32,18) label="Modifier" actionCommand="bouton5"]
2013-05-30 10:11:33,286 DEBUG (Component.java:338) - processFocusEvent:JButton location=(32,18) label="Modifier" actionCommand="bouton5" ev:FocusEvent: source=[JButton location=(32,18) label="Modifier" actionCommand="bouton5"] id=FOCUS_GAINED temp=false opposite=[JButton location=(2,18) label="Nouvel utilisateur" actionCommand="bouton1"]
2013-05-30 10:11:33,291 DEBUG (EventQueue.java:143) - 1 SyncEvent
2013-05-30 10:11:33,666 DEBUG (Component.java:338) - processFocusEvent:JButton location=(32,18) label="Modifier" actionCommand="bouton5" ev:FocusEvent: source=[JButton location=(32,18) label="Modifier" actionCommand="bouton5"] id=FOCUS_LOST temp=false opposite=[JButton location=(47,18) label="Supprimer" actionCommand="bouton4"]
2013-05-30 10:11:33,668 DEBUG (Component.java:338) - processFocusEvent:JButton location=(47,18) label="Supprimer" actionCommand="bouton4" ev:FocusEvent: source=[JButton location=(47,18) label="Supprimer" actionCommand="bouton4"] id=FOCUS_GAINED temp=false opposite=[JButton location=(32,18) label="Modifier" actionCommand="bouton5"]
2013-05-30 10:11:33,672 DEBUG (EventQueue.java:143) - 1 SyncEvent
2013-05-30 10:11:33,993 DEBUG (Component.java:338) - processFocusEvent:JButton location=(47,18) label="Supprimer" actionCommand="bouton4" ev:FocusEvent: source=[JButton location=(47,18) label="Supprimer" actionCommand="bouton4"] id=FOCUS_LOST temp=false opposite=[JMenu: text=Menu]
2013-05-30 10:11:33,994 DEBUG (Component.java:338) - processFocusEvent:JMenu: text=Menu ev:FocusEvent: source=[JMenu: text=Menu] id=FOCUS_GAINED temp=false opposite=[JButton location=(47,18) label="Supprimer" actionCommand="bouton4"]
2013-05-30 10:11:34,005 DEBUG (EventQueue.java:143) - 1 SyncEvent
2013-05-30 10:11:35,060 DEBUG (EventQueue.java:143) - 1 SyncEvent
2013-05-30 10:11:35,864 DEBUG (Component.java:338) - processFocusEvent:JMenu: text=Menu ev:FocusEvent: source=[JMenu: text=Menu] id=FOCUS_LOST temp=true opposite=[JMenuItem: text=Changer de langue]
2013-05-30 10:11:35,865 DEBUG (Component.java:338) - processFocusEvent:JMenuItem: text=Changer de langue ev:FocusEvent: source=[JMenuItem: text=Changer de langue] id=FOCUS_GAINED temp=true opposite=[JMenu: text=Menu]
2013-05-30 10:11:35,866 DEBUG (EventQueue.java:143) - 1 SyncEvent
2013-05-30 10:11:36,052 DEBUG (Component.java:338) - processFocusEvent:JMenuItem: text=Changer de langue ev:FocusEvent: source=[JMenuItem: text=Changer de langue] id=FOCUS_LOST temp=false opposite=[JMenuItem: text=Quitter]
2013-05-30 10:11:36,052 DEBUG (Component.java:338) - processFocusEvent:JMenuItem: text=Quitter ev:FocusEvent: source=[JMenuItem: text=Quitter] id=FOCUS_GAINED temp=false opposite=[JMenuItem: text=Changer de langue]
2013-05-30 10:11:36,053 DEBUG (EventQueue.java:143) - 1 SyncEvent
